0.000000e+00    0.000000e+00    1.000000e+00
0.000000e+00    8.333333e-02    9.166667e-01
0.000000e+00    1.666667e-01    8.333333e-01
0.000000e+00    2.500000e-01    7.500000e-01
0.000000e+00    3.333333e-01    6.666667e-01
0.000000e+00    4.166667e-01    5.833333e-01
0.000000e+00    5.000000e-01    5.000000e-01
0.000000e+00    5.833333e-01    4.166667e-01
0.000000e+00    6.666667e-01    3.333333e-01
0.000000e+00    7.500000e-01    2.500000e-01
0.000000e+00    8.333333e-01    1.666667e-01
0.000000e+00    9.166667e-01    8.333333e-02
0.000000e+00    1.000000e+00    0.000000e+00
8.333333e-02    0.000000e+00    9.166667e-01
8.333333e-02    8.333333e-02    8.333333e-01
8.333333e-02    1.666667e-01    7.500000e-01
8.333333e-02    2.500000e-01    6.666667e-01
8.333333e-02    3.333333e-01    5.833333e-01
8.333333e-02    4.166667e-01    5.000000e-01
8.333333e-02    5.000000e-01    4.166667e-01
8.333333e-02    5.833333e-01    3.333333e-01
8.333333e-02    6.666667e-01    2.500000e-01
8.333333e-02    7.500000e-01    1.666667e-01
8.333333e-02    8.333333e-01    8.333333e-02
8.333333e-02    9.166667e-01    0.000000e+00
1.666667e-01    0.000000e+00    8.333333e-01
1.666667e-01    8.333333e-02    7.500000e-01
1.666667e-01    1.666667e-01    6.666667e-01
1.666667e-01    2.500000e-01    5.833333e-01
1.666667e-01    3.333333e-01    5.000000e-01
1.666667e-01    4.166667e-01    4.166667e-01
1.666667e-01    5.000000e-01    3.333333e-01
1.666667e-01    5.833333e-01    2.500000e-01
1.666667e-01    6.666667e-01    1.666667e-01
1.666667e-01    7.500000e-01    8.333333e-02
1.666667e-01    8.333333e-01    0.000000e+00
2.500000e-01    0.000000e+00    7.500000e-01
2.500000e-01    8.333333e-02    6.666667e-01
2.500000e-01    1.666667e-01    5.833333e-01
2.500000e-01    2.500000e-01    5.000000e-01
2.500000e-01    3.333333e-01    4.166667e-01
2.500000e-01    4.166667e-01    3.333333e-01
2.500000e-01    5.000000e-01    2.500000e-01
2.500000e-01    5.833333e-01    1.666667e-01
2.500000e-01    6.666667e-01    8.333333e-02
2.500000e-01    7.500000e-01    0.000000e+00
3.333333e-01    0.000000e+00    6.666667e-01
3.333333e-01    8.333333e-02    5.833333e-01
3.333333e-01    1.666667e-01    5.000000e-01
3.333333e-01    2.500000e-01    4.166667e-01
3.333333e-01    3.333333e-01    3.333333e-01
3.333333e-01    4.166667e-01    2.500000e-01
3.333333e-01    5.000000e-01    1.666667e-01
3.333333e-01    5.833333e-01    8.333333e-02
3.333333e-01    6.666667e-01    0.000000e+00
4.166667e-01    0.000000e+00    5.833333e-01
4.166667e-01    8.333333e-02    5.000000e-01
4.166667e-01    1.666667e-01    4.166667e-01
4.166667e-01    2.500000e-01    3.333333e-01
4.166667e-01    3.333333e-01    2.500000e-01
4.166667e-01    4.166667e-01    1.666667e-01
4.166667e-01    5.000000e-01    8.333333e-02
4.166667e-01    5.833333e-01    0.000000e+00
5.000000e-01    0.000000e+00    5.000000e-01
5.000000e-01    8.333333e-02    4.166667e-01
5.000000e-01    1.666667e-01    3.333333e-01
5.000000e-01    2.500000e-01    2.500000e-01
5.000000e-01    3.333333e-01    1.666667e-01
5.000000e-01    4.166667e-01    8.333333e-02
5.000000e-01    5.000000e-01    0.000000e+00
5.833333e-01    0.000000e+00    4.166667e-01
5.833333e-01    8.333333e-02    3.333333e-01
5.833333e-01    1.666667e-01    2.500000e-01
5.833333e-01    2.500000e-01    1.666667e-01
5.833333e-01    3.333333e-01    8.333333e-02
5.833333e-01    4.166667e-01    0.000000e+00
6.666667e-01    0.000000e+00    3.333333e-01
6.666667e-01    8.333333e-02    2.500000e-01
6.666667e-01    1.666667e-01    1.666667e-01
6.666667e-01    2.500000e-01    8.333333e-02
6.666667e-01    3.333333e-01    0.000000e+00
7.500000e-01    0.000000e+00    2.500000e-01
7.500000e-01    8.333333e-02    1.666667e-01
7.500000e-01    1.666667e-01    8.333333e-02
7.500000e-01    2.500000e-01    0.000000e+00
8.333333e-01    0.000000e+00    1.666667e-01
8.333333e-01    8.333333e-02    8.333333e-02
8.333333e-01    1.666667e-01    0.000000e+00
9.166667e-01    0.000000e+00    8.333333e-02
9.166667e-01    8.333333e-02    0.000000e+00
1.000000e+00    0.000000e+00    0.000000e+00
1.188503e-13	1.222244e-15	5.001623e-01
3.985842e-05	4.166588e-02	4.584431e-01
2.925090e-05	8.344294e-02	4.166961e-01
9.578047e-06	1.250705e-01	3.751203e-01
1.832056e-05	1.667254e-01	3.334273e-01
1.158438e-06	2.083621e-01	2.917922e-01
1.482409e-06	2.500686e-01	2.500778e-01
4.533241e-07	2.917536e-01	2.083985e-01
2.679505e-05	3.334457e-01	1.666645e-01
2.499089e-06	3.751620e-01	1.249693e-01
4.551870e-05	4.167393e-01	8.335004e-02
4.032917e-06	4.584465e-01	4.169514e-02
1.592877e-07	5.001359e-01	6.158480e-08
4.170582e-02	1.039518e-06	4.584554e-01
4.175700e-02	4.173185e-02	4.166561e-01
4.176986e-02	8.353235e-02	3.749463e-01
4.166549e-02	1.251471e-01	3.333211e-01
4.170321e-02	1.667329e-01	2.916998e-01
4.179165e-02	2.079321e-01	2.504784e-01
4.159300e-02	2.502339e-01	2.085209e-01
4.178277e-02	2.913343e-01	1.670258e-01
4.155302e-02	3.335503e-01	1.250627e-01
4.166009e-02	3.751791e-01	8.336019e-02
4.163815e-02	4.167704e-01	4.174900e-02
4.176784e-02	4.583808e-01	3.843706e-09
8.338767e-02	6.153913e-06	4.167629e-01
8.351388e-02	4.161554e-02	3.750751e-01
8.342017e-02	8.339874e-02	3.333338e-01
8.326341e-02	1.251000e-01	2.917992e-01
8.337628e-02	1.667366e-01	2.500410e-01
8.340271e-02	2.083950e-01	2.084292e-01
8.333135e-02	2.500480e-01	1.667555e-01
8.352856e-02	2.917289e-01	1.249076e-01
8.340550e-02	3.333415e-01	8.334812e-02
8.336024e-02	3.751423e-01	4.163199e-02
8.351761e-02	4.166273e-01	6.764827e-08
1.250792e-01	4.418843e-07	3.751189e-01
1.250997e-01	4.171306e-02	3.333215e-01
1.250373e-01	8.332743e-02	2.917860e-01
1.250571e-01	1.250230e-01	2.500879e-01
1.251688e-01	1.666623e-01	2.083032e-01
1.252353e-01	2.082184e-01	1.666812e-01
1.250834e-01	2.501992e-01	1.249178e-01
1.249806e-01	2.917307e-01	8.343760e-02
1.250642e-01	3.340800e-01	4.100608e-02
1.250051e-01	3.751442e-01	6.764887e-08
1.667673e-01	4.528936e-05	3.333211e-01
1.669300e-01	4.215716e-02	2.910753e-01
1.666713e-01	8.334724e-02	2.501159e-01
1.668621e-01	1.250637e-01	2.082271e-01
1.667792e-01	1.667400e-01	1.666844e-01
1.667990e-01	2.083971e-01	1.249526e-01
1.668738e-01	2.499043e-01	8.337061e-02
1.666384e-01	2.917693e-01	4.174067e-02
1.667204e-01	3.334105e-01	5.459249e-10
2.084240e-01	2.939209e-05	2.916992e-01
2.083342e-01	4.176860e-02	2.500310e-01
2.083758e-01	8.340745e-02	2.083655e-01
2.083573e-01	1.251602e-01	1.666836e-01
2.083457e-01	1.666931e-01	1.251269e-01
2.085092e-01	2.083824e-01	8.337800e-02
2.082930e-01	2.501334e-01	4.174173e-02
2.084711e-01	2.916861e-01	6.158098e-08
2.500929e-01	9.108230e-06	2.500301e-01
2.498358e-01	4.190036e-02	2.083614e-01
2.499888e-01	8.341076e-02	1.667624e-01
2.502665e-01	1.251497e-01	1.247510e-01
2.501396e-01	1.666535e-01	8.336915e-02
2.500551e-01	2.084132e-01	4.175442e-02
2.500054e-01	2.501436e-01	5.718741e-09
2.917152e-01	2.651030e-07	2.084371e-01
2.917828e-01	4.166781e-02	1.667540e-01
2.918125e-01	8.317901e-02	1.251047e-01
2.917333e-01	1.250554e-01	8.334599e-02
2.917482e-01	1.667694e-01	4.171922e-02
2.917566e-01	2.083717e-01	1.901981e-06
3.334811e-01	2.895884e-05	1.666523e-01
3.330599e-01	4.202826e-02	1.250776e-01
3.332066e-01	8.370709e-02	8.324823e-02
3.336098e-01	1.249136e-01	4.163606e-02
3.335088e-01	1.666582e-01	6.138596e-08
3.750906e-01	4.604959e-05	1.250303e-01
3.752139e-01	4.169048e-02	8.325109e-02
3.750798e-01	8.336729e-02	4.175249e-02
3.750094e-01	1.251240e-01	1.182294e-06
4.167712e-01	1.519064e-05	8.334822e-02
4.171466e-01	4.131980e-02	4.171325e-02
4.170140e-01	8.318617e-02	1.595586e-06
4.584160e-01	1.078482e-06	4.173518e-02
4.583519e-01	4.178249e-02	3.741654e-09
5.001523e-01	4.380023e-09	1.636967e-10
1.188590e-13	1.214695e-15	5.001673e-01
